TN:
SF:src/detailsNode.ts
FN:3,detailsNode
FNF:1
FNH:1
FNDA:2,detailsNode
DA:4,2
LF:1
LH:1
BRDA:36,0,0,2
BRDA:36,0,1,0
BRDA:41,1,0,2
BRDA:41,1,1,0
BRF:4
BRH:2
end_of_record
TN:
SF:src/index.ts
FN:20,(anonymous_0)
FN:22,(anonymous_1)
FN:26,reElement
FN:41,(anonymous_3)
FN:43,(anonymous_4)
FN:44,(anonymous_5)
FN:45,(anonymous_6)
FNF:7
FNH:7
FNDA:8,(anonymous_0)
FNDA:1,(anonymous_1)
FNDA:8,reElement
FNDA:9,(anonymous_3)
FNDA:9,(anonymous_4)
FNDA:31,(anonymous_5)
FNDA:10,(anonymous_6)
DA:19,1
DA:20,1
DA:21,8
DA:22,1
DA:27,8
DA:28,8
DA:29,8
DA:30,8
DA:31,8
DA:32,8
DA:33,2
DA:34,2
DA:35,2
DA:36,2
DA:37,2
DA:41,1
DA:42,9
DA:43,9
DA:44,9
DA:45,31
DA:46,31
DA:47,31
DA:50,31
DA:51,11
DA:52,3
DA:54,11
DA:55,5
LF:27
LH:27
BRDA:31,0,0,7
BRDA:32,1,0,2
BRDA:32,1,1,6
BRDA:42,2,0,9
BRDA:42,3,0,3
BRDA:42,4,0,9
BRDA:42,4,1,1
BRDA:50,5,0,11
BRDA:50,5,1,20
BRDA:50,6,0,31
BRDA:50,6,1,13
BRDA:51,7,0,3
BRDA:51,7,1,8
BRDA:51,8,0,11
BRDA:51,8,1,6
BRDA:51,8,2,5
BRDA:54,9,0,5
BRDA:54,9,1,6
BRDA:54,10,0,11
BRDA:54,10,1,5
BRDA:54,10,2,5
BRDA:54,10,3,5
BRDA:54,10,4,5
BRF:23
BRH:23
end_of_record
