TN:
SF:src/detailsNode.ts
FN:4,detailsNode
FNF:1
FNH:1
FNDA:1,detailsNode
DA:5,1
LF:1
LH:1
BRDA:37,0,0,1
BRDA:37,0,1,0
BRDA:42,1,0,1
BRDA:42,1,1,0
BRF:4
BRH:2
end_of_record
TN:
SF:src/index.ts
FN:21,reElement
FN:35,(anonymous_1)
FN:37,(anonymous_2)
FN:38,(anonymous_3)
FN:39,(anonymous_4)
FNF:5
FNH:5
FNDA:6,reElement
FNDA:6,(anonymous_1)
FNDA:6,(anonymous_2)
FNDA:22,(anonymous_3)
FNDA:8,(anonymous_4)
DA:19,1
DA:22,6
DA:23,6
DA:24,6
DA:25,6
DA:26,6
DA:27,1
DA:28,1
DA:29,1
DA:30,1
DA:31,1
DA:35,1
DA:36,6
DA:37,6
DA:38,6
DA:39,22
DA:40,22
DA:41,22
DA:43,22
DA:44,8
DA:45,2
DA:47,8
DA:48,4
LF:23
LH:23
BRDA:26,0,0,1
BRDA:26,0,1,5
BRDA:36,1,0,6
BRDA:36,2,0,2
BRDA:36,3,0,6
BRDA:36,3,1,1
BRDA:43,4,0,8
BRDA:43,4,1,14
BRDA:43,5,0,22
BRDA:43,5,1,10
BRDA:44,6,0,2
BRDA:44,6,1,6
BRDA:44,7,0,8
BRDA:44,7,1,4
BRDA:44,7,2,4
BRDA:47,8,0,4
BRDA:47,8,1,4
BRDA:47,9,0,8
BRDA:47,9,1,4
BRDA:47,9,2,4
BRDA:47,9,3,4
BRDA:47,9,4,4
BRF:22
BRH:22
end_of_record
